[2024-05-15 12:54:56,874] INFO [ControllerEventThread controllerId=1] Starting (kafka.controller.ControllerEventManager$ControllerEventThread)
[2024-05-15 12:54:56,961] INFO [Controller id=1] 1 successfully elected as the controller. Epoch incremented to 1 and epoch zk version is now 1 (kafka.controller.KafkaController)
[2024-05-15 12:54:56,967] INFO [Controller id=1] Creating FeatureZNode at path: /feature with contents: FeatureZNode(2,Enabled,Map()) (kafka.controller.KafkaController)
[2024-05-15 12:54:57,084] INFO [Controller id=1] Registering handlers (kafka.controller.KafkaController)
[2024-05-15 12:54:57,094] INFO [Controller id=1] Deleting log dir event notifications (kafka.controller.KafkaController)
[2024-05-15 12:54:57,099] INFO [Controller id=1] Deleting isr change notifications (kafka.controller.KafkaController)
[2024-05-15 12:54:57,103] INFO [Controller id=1] Initializing controller context (kafka.controller.KafkaController)
[2024-05-15 12:54:57,130] INFO [Controller id=1] Initialized broker epochs cache: HashMap(1 -> 25) (kafka.controller.KafkaController)
[2024-05-15 12:54:57,140] DEBUG [Controller id=1] Register BrokerModifications handler for Set(1) (kafka.controller.KafkaController)
[2024-05-15 12:54:57,155] DEBUG [Channel manager on controller 1]: Controller 1 trying to connect to broker 1 (kafka.controller.ControllerChannelManager)
[2024-05-15 12:54:57,174] INFO [RequestSendThread controllerId=1] Starting (kafka.controller.RequestSendThread)
[2024-05-15 12:54:57,176] INFO [Controller id=1] Currently active brokers in the cluster: Set(1) (kafka.controller.KafkaController)
[2024-05-15 12:54:57,177] INFO [Controller id=1] Currently shutting brokers in the cluster: HashSet() (kafka.controller.KafkaController)
[2024-05-15 12:54:57,177] INFO [Controller id=1] Current list of topics in the cluster: HashSet() (kafka.controller.KafkaController)
[2024-05-15 12:54:57,178] INFO [Controller id=1] Fetching topic deletions in progress (kafka.controller.KafkaController)
[2024-05-15 12:54:57,182] INFO [Controller id=1] List of topics to be deleted:  (kafka.controller.KafkaController)
[2024-05-15 12:54:57,183] INFO [Controller id=1] List of topics ineligible for deletion:  (kafka.controller.KafkaController)
[2024-05-15 12:54:57,183] INFO [Controller id=1] Initializing topic deletion manager (kafka.controller.KafkaController)
[2024-05-15 12:54:57,184] INFO [Topic Deletion Manager 1] Initializing manager with initial deletions: Set(), initial ineligible deletions: HashSet() (kafka.controller.TopicDeletionManager)
[2024-05-15 12:54:57,186] INFO [Controller id=1] Sending update metadata request (kafka.controller.KafkaController)
[2024-05-15 12:54:57,219] INFO [ReplicaStateMachine controllerId=1] Initializing replica state (kafka.controller.ZkReplicaStateMachine)
[2024-05-15 12:54:57,221] INFO [ReplicaStateMachine controllerId=1] Triggering online replica state changes (kafka.controller.ZkReplicaStateMachine)
[2024-05-15 12:54:57,241] INFO [ReplicaStateMachine controllerId=1] Triggering offline replica state changes (kafka.controller.ZkReplicaStateMachine)
[2024-05-15 12:54:57,243] DEBUG [ReplicaStateMachine controllerId=1] Started replica state machine with initial state -> HashMap() (kafka.controller.ZkReplicaStateMachine)
[2024-05-15 12:54:57,244] INFO [PartitionStateMachine controllerId=1] Initializing partition state (kafka.controller.ZkPartitionStateMachine)
[2024-05-15 12:54:57,245] INFO [PartitionStateMachine controllerId=1] Triggering online partition state changes (kafka.controller.ZkPartitionStateMachine)
[2024-05-15 12:54:57,253] DEBUG [PartitionStateMachine controllerId=1] Started partition state machine with initial state -> HashMap() (kafka.controller.ZkPartitionStateMachine)
[2024-05-15 12:54:57,253] INFO [Controller id=1] Ready to serve as the new controller with epoch 1 (kafka.controller.KafkaController)
[2024-05-15 12:54:57,267] INFO [Controller id=1] Partitions undergoing preferred replica election:  (kafka.controller.KafkaController)
[2024-05-15 12:54:57,267] INFO [Controller id=1] Partitions that completed preferred replica election:  (kafka.controller.KafkaController)
[2024-05-15 12:54:57,298] INFO [Controller id=1] Skipping preferred replica election for partitions due to topic deletion:  (kafka.controller.KafkaController)
[2024-05-15 12:54:57,298] INFO [Controller id=1] Resuming preferred replica election for partitions:  (kafka.controller.KafkaController)
[2024-05-15 12:54:57,300] INFO [Controller id=1] Starting replica leader election (PREFERRED) for partitions  triggered by ZkTriggered (kafka.controller.KafkaController)
[2024-05-15 12:54:57,378] INFO [Controller id=1] Starting the controller scheduler (kafka.controller.KafkaController)
[2024-05-15 12:54:57,397] INFO [ControllerEventThread controllerId=1] Shutting down (kafka.controller.ControllerEventManager$ControllerEventThread)
[2024-05-15 12:54:57,398] INFO [ControllerEventThread controllerId=1] Shutdown completed (kafka.controller.ControllerEventManager$ControllerEventThread)
[2024-05-15 12:54:57,398] INFO [ControllerEventThread controllerId=1] Stopped (kafka.controller.ControllerEventManager$ControllerEventThread)
[2024-05-15 12:54:57,399] DEBUG [Controller id=1] Resigning (kafka.controller.KafkaController)
[2024-05-15 12:54:57,401] DEBUG [Controller id=1] Unregister BrokerModifications handler for Set(1) (kafka.controller.KafkaController)
[2024-05-15 12:54:57,402] INFO [PartitionStateMachine controllerId=1] Stopped partition state machine (kafka.controller.ZkPartitionStateMachine)
[2024-05-15 12:54:57,403] INFO [ReplicaStateMachine controllerId=1] Stopped replica state machine (kafka.controller.ZkReplicaStateMachine)
[2024-05-15 12:54:57,404] INFO [RequestSendThread controllerId=1] Shutting down (kafka.controller.RequestSendThread)
[2024-05-15 12:54:57,407] WARN [RequestSendThread controllerId=1] Controller 1's connection to broker DESKTOP-VH3JA1S.mshome.net:9092 (id: 1 rack: null) was unsuccessful (kafka.controller.RequestSendThread)
org.apache.kafka.common.errors.DisconnectException: NetworkClient is no longer active, state is CLOSING
[2024-05-15 12:54:57,411] WARN [RequestSendThread controllerId=1] Controller 1 epoch 1 fails to send request (type: UpdateMetadataRequest=, controllerId=1, controllerEpoch=1, kraftController=false, type=UNKNOWN, brokerEpoch=25, partitionStates=[], liveBrokers=UpdateMetadataBroker(id=1, v0Host='', v0Port=0, endpoints=[UpdateMetadataEndpoint(port=9092, host='DESKTOP-VH3JA1S.mshome.net', listener='PLAINTEXT', securityProtocol=0)], rack=null)) to broker DESKTOP-VH3JA1S.mshome.net:9092 (id: 1 rack: null). Reconnecting to broker. (kafka.controller.RequestSendThread)
java.lang.InterruptedException
	at java.base/java.util.concurrent.locks.AbstractQueuedSynchronizer.tryAcquireSharedNanos(AbstractQueuedSynchronizer.java:1133)
	at java.base/java.util.concurrent.CountDownLatch.await(CountDownLatch.java:276)
	at org.apache.kafka.server.util.ShutdownableThread.pause(ShutdownableThread.java:116)
	at kafka.controller.RequestSendThread.doWork(ControllerChannelManager.scala:239)
	at org.apache.kafka.server.util.ShutdownableThread.run(ShutdownableThread.java:130)
[2024-05-15 12:54:57,412] TRACE [RequestSendThread controllerId=1] shutdownInitiated latch count reached zero. Shutdown called. (kafka.controller.RequestSendThread)
[2024-05-15 12:54:57,412] INFO [RequestSendThread controllerId=1] Shutdown completed (kafka.controller.RequestSendThread)
[2024-05-15 12:54:57,412] INFO [RequestSendThread controllerId=1] Stopped (kafka.controller.RequestSendThread)
[2024-05-15 12:54:57,414] INFO [Controller id=1] Resigned (kafka.controller.KafkaController)
[2024-05-15 12:55:17,340] INFO [ControllerEventThread controllerId=1] Starting (kafka.controller.ControllerEventManager$ControllerEventThread)
[2024-05-15 12:55:17,564] INFO [Controller id=1] 1 successfully elected as the controller. Epoch incremented to 2 and epoch zk version is now 2 (kafka.controller.KafkaController)
[2024-05-15 12:55:17,567] INFO [Controller id=1] Registering handlers (kafka.controller.KafkaController)
[2024-05-15 12:55:17,575] INFO [Controller id=1] Deleting log dir event notifications (kafka.controller.KafkaController)
[2024-05-15 12:55:17,580] INFO [Controller id=1] Deleting isr change notifications (kafka.controller.KafkaController)
[2024-05-15 12:55:17,585] INFO [Controller id=1] Initializing controller context (kafka.controller.KafkaController)
[2024-05-15 12:55:17,613] INFO [Controller id=1] Initialized broker epochs cache: HashMap(1 -> 46) (kafka.controller.KafkaController)
[2024-05-15 12:55:17,624] DEBUG [Controller id=1] Register BrokerModifications handler for Set(1) (kafka.controller.KafkaController)
[2024-05-15 12:55:17,631] DEBUG [Channel manager on controller 1]: Controller 1 trying to connect to broker 1 (kafka.controller.ControllerChannelManager)
[2024-05-15 12:55:17,646] INFO [RequestSendThread controllerId=1] Starting (kafka.controller.RequestSendThread)
[2024-05-15 12:55:17,648] INFO [Controller id=1] Currently active brokers in the cluster: Set(1) (kafka.controller.KafkaController)
[2024-05-15 12:55:17,648] INFO [Controller id=1] Currently shutting brokers in the cluster: HashSet() (kafka.controller.KafkaController)
[2024-05-15 12:55:17,648] INFO [Controller id=1] Current list of topics in the cluster: HashSet() (kafka.controller.KafkaController)
[2024-05-15 12:55:17,649] INFO [Controller id=1] Fetching topic deletions in progress (kafka.controller.KafkaController)
[2024-05-15 12:55:17,653] INFO [Controller id=1] List of topics to be deleted:  (kafka.controller.KafkaController)
[2024-05-15 12:55:17,653] INFO [Controller id=1] List of topics ineligible for deletion:  (kafka.controller.KafkaController)
[2024-05-15 12:55:17,655] INFO [Controller id=1] Initializing topic deletion manager (kafka.controller.KafkaController)
[2024-05-15 12:55:17,655] INFO [Topic Deletion Manager 1] Initializing manager with initial deletions: Set(), initial ineligible deletions: HashSet() (kafka.controller.TopicDeletionManager)
[2024-05-15 12:55:17,658] INFO [Controller id=1] Sending update metadata request (kafka.controller.KafkaController)
[2024-05-15 12:55:17,681] INFO [ReplicaStateMachine controllerId=1] Initializing replica state (kafka.controller.ZkReplicaStateMachine)
[2024-05-15 12:55:17,683] INFO [ReplicaStateMachine controllerId=1] Triggering online replica state changes (kafka.controller.ZkReplicaStateMachine)
[2024-05-15 12:55:17,692] INFO [ReplicaStateMachine controllerId=1] Triggering offline replica state changes (kafka.controller.ZkReplicaStateMachine)
[2024-05-15 12:55:17,693] DEBUG [ReplicaStateMachine controllerId=1] Started replica state machine with initial state -> HashMap() (kafka.controller.ZkReplicaStateMachine)
[2024-05-15 12:55:17,694] INFO [PartitionStateMachine controllerId=1] Initializing partition state (kafka.controller.ZkPartitionStateMachine)
[2024-05-15 12:55:17,703] INFO [PartitionStateMachine controllerId=1] Triggering online partition state changes (kafka.controller.ZkPartitionStateMachine)
[2024-05-15 12:55:17,711] DEBUG [PartitionStateMachine controllerId=1] Started partition state machine with initial state -> HashMap() (kafka.controller.ZkPartitionStateMachine)
[2024-05-15 12:55:17,712] INFO [Controller id=1] Ready to serve as the new controller with epoch 2 (kafka.controller.KafkaController)
[2024-05-15 12:55:17,724] INFO [Controller id=1] Partitions undergoing preferred replica election:  (kafka.controller.KafkaController)
[2024-05-15 12:55:17,725] INFO [Controller id=1] Partitions that completed preferred replica election:  (kafka.controller.KafkaController)
[2024-05-15 12:55:17,725] INFO [Controller id=1] Skipping preferred replica election for partitions due to topic deletion:  (kafka.controller.KafkaController)
[2024-05-15 12:55:17,725] INFO [Controller id=1] Resuming preferred replica election for partitions:  (kafka.controller.KafkaController)
[2024-05-15 12:55:17,727] INFO [Controller id=1] Starting replica leader election (PREFERRED) for partitions  triggered by ZkTriggered (kafka.controller.KafkaController)
[2024-05-15 12:55:17,781] INFO [Controller id=1] Starting the controller scheduler (kafka.controller.KafkaController)
[2024-05-15 12:55:17,886] INFO [ControllerEventThread controllerId=1] Shutting down (kafka.controller.ControllerEventManager$ControllerEventThread)
[2024-05-15 12:55:17,888] INFO [ControllerEventThread controllerId=1] Stopped (kafka.controller.ControllerEventManager$ControllerEventThread)
[2024-05-15 12:55:17,888] INFO [ControllerEventThread controllerId=1] Shutdown completed (kafka.controller.ControllerEventManager$ControllerEventThread)
[2024-05-15 12:55:17,888] DEBUG [Controller id=1] Resigning (kafka.controller.KafkaController)
[2024-05-15 12:55:17,889] DEBUG [Controller id=1] Unregister BrokerModifications handler for Set(1) (kafka.controller.KafkaController)
[2024-05-15 12:55:17,891] INFO [PartitionStateMachine controllerId=1] Stopped partition state machine (kafka.controller.ZkPartitionStateMachine)
[2024-05-15 12:55:17,891] INFO [ReplicaStateMachine controllerId=1] Stopped replica state machine (kafka.controller.ZkReplicaStateMachine)
[2024-05-15 12:55:17,892] INFO [RequestSendThread controllerId=1] Shutting down (kafka.controller.RequestSendThread)
[2024-05-15 12:55:17,893] WARN [RequestSendThread controllerId=1] Controller 1's connection to broker DESKTOP-VH3JA1S.mshome.net:9092 (id: 1 rack: null) was unsuccessful (kafka.controller.RequestSendThread)
org.apache.kafka.common.errors.DisconnectException: NetworkClient is no longer active, state is CLOSING
[2024-05-15 12:55:17,896] WARN [RequestSendThread controllerId=1] Controller 1 epoch 2 fails to send request (type: UpdateMetadataRequest=, controllerId=1, controllerEpoch=2, kraftController=false, type=UNKNOWN, brokerEpoch=46, partitionStates=[], liveBrokers=UpdateMetadataBroker(id=1, v0Host='', v0Port=0, endpoints=[UpdateMetadataEndpoint(port=9092, host='DESKTOP-VH3JA1S.mshome.net', listener='PLAINTEXT', securityProtocol=0)], rack=null)) to broker DESKTOP-VH3JA1S.mshome.net:9092 (id: 1 rack: null). Reconnecting to broker. (kafka.controller.RequestSendThread)
java.lang.InterruptedException
	at java.base/java.util.concurrent.locks.AbstractQueuedSynchronizer.tryAcquireSharedNanos(AbstractQueuedSynchronizer.java:1133)
	at java.base/java.util.concurrent.CountDownLatch.await(CountDownLatch.java:276)
	at org.apache.kafka.server.util.ShutdownableThread.pause(ShutdownableThread.java:116)
	at kafka.controller.RequestSendThread.doWork(ControllerChannelManager.scala:239)
	at org.apache.kafka.server.util.ShutdownableThread.run(ShutdownableThread.java:130)
[2024-05-15 12:55:17,897] TRACE [RequestSendThread controllerId=1] shutdownInitiated latch count reached zero. Shutdown called. (kafka.controller.RequestSendThread)
[2024-05-15 12:55:17,897] INFO [RequestSendThread controllerId=1] Stopped (kafka.controller.RequestSendThread)
[2024-05-15 12:55:17,897] INFO [RequestSendThread controllerId=1] Shutdown completed (kafka.controller.RequestSendThread)
[2024-05-15 12:55:17,900] INFO [Controller id=1] Resigned (kafka.controller.KafkaController)
[2024-05-15 12:56:53,205] INFO [ControllerEventThread controllerId=1] Starting (kafka.controller.ControllerEventManager$ControllerEventThread)
[2024-05-15 12:56:53,336] INFO [Controller id=1] 1 successfully elected as the controller. Epoch incremented to 3 and epoch zk version is now 3 (kafka.controller.KafkaController)
[2024-05-15 12:56:53,341] INFO [Controller id=1] Registering handlers (kafka.controller.KafkaController)
[2024-05-15 12:56:53,347] INFO [Controller id=1] Deleting log dir event notifications (kafka.controller.KafkaController)
[2024-05-15 12:56:53,351] INFO [Controller id=1] Deleting isr change notifications (kafka.controller.KafkaController)
[2024-05-15 12:56:53,355] INFO [Controller id=1] Initializing controller context (kafka.controller.KafkaController)
[2024-05-15 12:56:53,385] INFO [Controller id=1] Initialized broker epochs cache: HashMap(1 -> 65) (kafka.controller.KafkaController)
[2024-05-15 12:56:53,401] DEBUG [Controller id=1] Register BrokerModifications handler for Set(1) (kafka.controller.KafkaController)
[2024-05-15 12:56:53,411] DEBUG [Channel manager on controller 1]: Controller 1 trying to connect to broker 1 (kafka.controller.ControllerChannelManager)
[2024-05-15 12:56:53,424] INFO [RequestSendThread controllerId=1] Starting (kafka.controller.RequestSendThread)
[2024-05-15 12:56:53,428] INFO [Controller id=1] Currently active brokers in the cluster: Set(1) (kafka.controller.KafkaController)
[2024-05-15 12:56:53,428] INFO [Controller id=1] Currently shutting brokers in the cluster: HashSet() (kafka.controller.KafkaController)
[2024-05-15 12:56:53,428] INFO [Controller id=1] Current list of topics in the cluster: HashSet() (kafka.controller.KafkaController)
[2024-05-15 12:56:53,429] INFO [Controller id=1] Fetching topic deletions in progress (kafka.controller.KafkaController)
[2024-05-15 12:56:53,432] INFO [Controller id=1] List of topics to be deleted:  (kafka.controller.KafkaController)
[2024-05-15 12:56:53,433] INFO [Controller id=1] List of topics ineligible for deletion:  (kafka.controller.KafkaController)
[2024-05-15 12:56:53,434] INFO [Controller id=1] Initializing topic deletion manager (kafka.controller.KafkaController)
[2024-05-15 12:56:53,435] INFO [Topic Deletion Manager 1] Initializing manager with initial deletions: Set(), initial ineligible deletions: HashSet() (kafka.controller.TopicDeletionManager)
[2024-05-15 12:56:53,437] INFO [Controller id=1] Sending update metadata request (kafka.controller.KafkaController)
[2024-05-15 12:56:53,459] INFO [ReplicaStateMachine controllerId=1] Initializing replica state (kafka.controller.ZkReplicaStateMachine)
[2024-05-15 12:56:53,460] INFO [ReplicaStateMachine controllerId=1] Triggering online replica state changes (kafka.controller.ZkReplicaStateMachine)
[2024-05-15 12:56:53,486] INFO [ReplicaStateMachine controllerId=1] Triggering offline replica state changes (kafka.controller.ZkReplicaStateMachine)
[2024-05-15 12:56:53,487] DEBUG [ReplicaStateMachine controllerId=1] Started replica state machine with initial state -> HashMap() (kafka.controller.ZkReplicaStateMachine)
[2024-05-15 12:56:53,487] INFO [PartitionStateMachine controllerId=1] Initializing partition state (kafka.controller.ZkPartitionStateMachine)
[2024-05-15 12:56:53,498] INFO [PartitionStateMachine controllerId=1] Triggering online partition state changes (kafka.controller.ZkPartitionStateMachine)
[2024-05-15 12:56:53,505] DEBUG [PartitionStateMachine controllerId=1] Started partition state machine with initial state -> HashMap() (kafka.controller.ZkPartitionStateMachine)
[2024-05-15 12:56:53,506] INFO [Controller id=1] Ready to serve as the new controller with epoch 3 (kafka.controller.KafkaController)
[2024-05-15 12:56:53,514] INFO [Controller id=1] Partitions undergoing preferred replica election:  (kafka.controller.KafkaController)
[2024-05-15 12:56:53,515] INFO [Controller id=1] Partitions that completed preferred replica election:  (kafka.controller.KafkaController)
[2024-05-15 12:56:53,515] INFO [Controller id=1] Skipping preferred replica election for partitions due to topic deletion:  (kafka.controller.KafkaController)
[2024-05-15 12:56:53,516] INFO [Controller id=1] Resuming preferred replica election for partitions:  (kafka.controller.KafkaController)
[2024-05-15 12:56:53,517] INFO [Controller id=1] Starting replica leader election (PREFERRED) for partitions  triggered by ZkTriggered (kafka.controller.KafkaController)
[2024-05-15 12:56:53,584] INFO [Controller id=1] Starting the controller scheduler (kafka.controller.KafkaController)
[2024-05-15 12:56:53,674] INFO [ControllerEventThread controllerId=1] Shutting down (kafka.controller.ControllerEventManager$ControllerEventThread)
[2024-05-15 12:56:53,675] INFO [ControllerEventThread controllerId=1] Stopped (kafka.controller.ControllerEventManager$ControllerEventThread)
[2024-05-15 12:56:53,675] INFO [ControllerEventThread controllerId=1] Shutdown completed (kafka.controller.ControllerEventManager$ControllerEventThread)
[2024-05-15 12:56:53,676] DEBUG [Controller id=1] Resigning (kafka.controller.KafkaController)
[2024-05-15 12:56:53,677] DEBUG [Controller id=1] Unregister BrokerModifications handler for Set(1) (kafka.controller.KafkaController)
[2024-05-15 12:56:53,682] INFO [PartitionStateMachine controllerId=1] Stopped partition state machine (kafka.controller.ZkPartitionStateMachine)
[2024-05-15 12:56:53,683] INFO [ReplicaStateMachine controllerId=1] Stopped replica state machine (kafka.controller.ZkReplicaStateMachine)
[2024-05-15 12:56:53,684] INFO [RequestSendThread controllerId=1] Shutting down (kafka.controller.RequestSendThread)
[2024-05-15 12:56:53,685] WARN [RequestSendThread controllerId=1] Controller 1's connection to broker DESKTOP-VH3JA1S.mshome.net:9092 (id: 1 rack: null) was unsuccessful (kafka.controller.RequestSendThread)
org.apache.kafka.common.errors.DisconnectException: NetworkClient is no longer active, state is CLOSING
[2024-05-15 12:56:53,690] WARN [RequestSendThread controllerId=1] Controller 1 epoch 3 fails to send request (type: UpdateMetadataRequest=, controllerId=1, controllerEpoch=3, kraftController=false, type=UNKNOWN, brokerEpoch=65, partitionStates=[], liveBrokers=UpdateMetadataBroker(id=1, v0Host='', v0Port=0, endpoints=[UpdateMetadataEndpoint(port=9092, host='DESKTOP-VH3JA1S.mshome.net', listener='PLAINTEXT', securityProtocol=0)], rack=null)) to broker DESKTOP-VH3JA1S.mshome.net:9092 (id: 1 rack: null). Reconnecting to broker. (kafka.controller.RequestSendThread)
java.lang.InterruptedException
	at java.base/java.util.concurrent.locks.AbstractQueuedSynchronizer.tryAcquireSharedNanos(AbstractQueuedSynchronizer.java:1133)
	at java.base/java.util.concurrent.CountDownLatch.await(CountDownLatch.java:276)
	at org.apache.kafka.server.util.ShutdownableThread.pause(ShutdownableThread.java:116)
	at kafka.controller.RequestSendThread.doWork(ControllerChannelManager.scala:239)
	at org.apache.kafka.server.util.ShutdownableThread.run(ShutdownableThread.java:130)
[2024-05-15 12:56:53,690] TRACE [RequestSendThread controllerId=1] shutdownInitiated latch count reached zero. Shutdown called. (kafka.controller.RequestSendThread)
[2024-05-15 12:56:53,690] INFO [RequestSendThread controllerId=1] Stopped (kafka.controller.RequestSendThread)
[2024-05-15 12:56:53,690] INFO [RequestSendThread controllerId=1] Shutdown completed (kafka.controller.RequestSendThread)
[2024-05-15 12:56:53,692] INFO [Controller id=1] Resigned (kafka.controller.KafkaController)
[2024-05-17 13:00:17,142] INFO [ControllerEventThread controllerId=1] Starting (kafka.controller.ControllerEventManager$ControllerEventThread)
[2024-05-17 13:00:17,313] INFO [Controller id=1] 1 successfully elected as the controller. Epoch incremented to 1 and epoch zk version is now 1 (kafka.controller.KafkaController)
[2024-05-17 13:00:17,319] INFO [Controller id=1] Creating FeatureZNode at path: /feature with contents: FeatureZNode(2,Enabled,Map()) (kafka.controller.KafkaController)
[2024-05-17 13:00:17,382] INFO [Controller id=1] Registering handlers (kafka.controller.KafkaController)
[2024-05-17 13:00:17,388] INFO [Controller id=1] Deleting log dir event notifications (kafka.controller.KafkaController)
[2024-05-17 13:00:17,402] INFO [Controller id=1] Deleting isr change notifications (kafka.controller.KafkaController)
[2024-05-17 13:00:17,407] INFO [Controller id=1] Initializing controller context (kafka.controller.KafkaController)
[2024-05-17 13:00:17,442] INFO [Controller id=1] Initialized broker epochs cache: HashMap(1 -> 89) (kafka.controller.KafkaController)
[2024-05-17 13:00:17,453] DEBUG [Controller id=1] Register BrokerModifications handler for Set(1) (kafka.controller.KafkaController)
[2024-05-17 13:00:17,460] DEBUG [Channel manager on controller 1]: Controller 1 trying to connect to broker 1 (kafka.controller.ControllerChannelManager)
[2024-05-17 13:00:17,470] INFO [RequestSendThread controllerId=1] Starting (kafka.controller.RequestSendThread)
[2024-05-17 13:00:17,473] INFO [Controller id=1] Currently active brokers in the cluster: Set(1) (kafka.controller.KafkaController)
[2024-05-17 13:00:17,473] INFO [Controller id=1] Currently shutting brokers in the cluster: HashSet() (kafka.controller.KafkaController)
[2024-05-17 13:00:17,493] INFO [Controller id=1] Current list of topics in the cluster: HashSet() (kafka.controller.KafkaController)
[2024-05-17 13:00:17,494] INFO [Controller id=1] Fetching topic deletions in progress (kafka.controller.KafkaController)
[2024-05-17 13:00:17,501] INFO [Controller id=1] List of topics to be deleted:  (kafka.controller.KafkaController)
[2024-05-17 13:00:17,502] INFO [Controller id=1] List of topics ineligible for deletion:  (kafka.controller.KafkaController)
[2024-05-17 13:00:17,502] INFO [Controller id=1] Initializing topic deletion manager (kafka.controller.KafkaController)
[2024-05-17 13:00:17,502] INFO [Topic Deletion Manager 1] Initializing manager with initial deletions: Set(), initial ineligible deletions: HashSet() (kafka.controller.TopicDeletionManager)
[2024-05-17 13:00:17,504] INFO [Controller id=1] Sending update metadata request (kafka.controller.KafkaController)
[2024-05-17 13:00:17,534] INFO [ReplicaStateMachine controllerId=1] Initializing replica state (kafka.controller.ZkReplicaStateMachine)
[2024-05-17 13:00:17,536] INFO [ReplicaStateMachine controllerId=1] Triggering online replica state changes (kafka.controller.ZkReplicaStateMachine)
[2024-05-17 13:00:17,545] INFO [ReplicaStateMachine controllerId=1] Triggering offline replica state changes (kafka.controller.ZkReplicaStateMachine)
[2024-05-17 13:00:17,545] DEBUG [ReplicaStateMachine controllerId=1] Started replica state machine with initial state -> HashMap() (kafka.controller.ZkReplicaStateMachine)
[2024-05-17 13:00:17,545] INFO [PartitionStateMachine controllerId=1] Initializing partition state (kafka.controller.ZkPartitionStateMachine)
[2024-05-17 13:00:17,546] INFO [PartitionStateMachine controllerId=1] Triggering online partition state changes (kafka.controller.ZkPartitionStateMachine)
[2024-05-17 13:00:17,553] DEBUG [PartitionStateMachine controllerId=1] Started partition state machine with initial state -> HashMap() (kafka.controller.ZkPartitionStateMachine)
[2024-05-17 13:00:17,554] INFO [Controller id=1] Ready to serve as the new controller with epoch 1 (kafka.controller.KafkaController)
[2024-05-17 13:00:17,564] INFO [Controller id=1] Partitions undergoing preferred replica election:  (kafka.controller.KafkaController)
[2024-05-17 13:00:17,565] INFO [Controller id=1] Partitions that completed preferred replica election:  (kafka.controller.KafkaController)
[2024-05-17 13:00:17,565] INFO [Controller id=1] Skipping preferred replica election for partitions due to topic deletion:  (kafka.controller.KafkaController)
[2024-05-17 13:00:17,566] INFO [Controller id=1] Resuming preferred replica election for partitions:  (kafka.controller.KafkaController)
[2024-05-17 13:00:17,567] INFO [Controller id=1] Starting replica leader election (PREFERRED) for partitions  triggered by ZkTriggered (kafka.controller.KafkaController)
[2024-05-17 13:00:17,640] INFO [Controller id=1] Starting the controller scheduler (kafka.controller.KafkaController)
[2024-05-17 13:00:18,046] INFO [RequestSendThread controllerId=1] Controller 1 connected to DESKTOP-VH3JA1S.mshome.net:9092 (id: 1 rack: null) for sending state change requests (kafka.controller.RequestSendThread)
[2024-05-17 13:00:22,654] INFO [Controller id=1] Processing automatic preferred replica leader election (kafka.controller.KafkaController)
[2024-05-17 13:00:22,655] TRACE [Controller id=1] Checking need to trigger auto leader balancing (kafka.controller.KafkaController)
[2024-05-17 13:02:44,506] INFO [Controller id=1] Shutting down broker 1 (kafka.controller.KafkaController)
[2024-05-17 13:02:44,507] DEBUG [Controller id=1] All shutting down brokers: 1 (kafka.controller.KafkaController)
[2024-05-17 13:02:44,508] DEBUG [Controller id=1] Live brokers:  (kafka.controller.KafkaController)
[2024-05-17 13:02:44,511] TRACE [Controller id=1] All leaders =  (kafka.controller.KafkaController)
[2024-05-17 13:02:44,831] INFO [ControllerEventThread controllerId=1] Shutting down (kafka.controller.ControllerEventManager$ControllerEventThread)
[2024-05-17 13:02:44,832] INFO [ControllerEventThread controllerId=1] Shutdown completed (kafka.controller.ControllerEventManager$ControllerEventThread)
[2024-05-17 13:02:44,832] INFO [ControllerEventThread controllerId=1] Stopped (kafka.controller.ControllerEventManager$ControllerEventThread)
[2024-05-17 13:02:44,833] DEBUG [Controller id=1] Resigning (kafka.controller.KafkaController)
[2024-05-17 13:02:44,833] DEBUG [Controller id=1] Unregister BrokerModifications handler for Set(1) (kafka.controller.KafkaController)
[2024-05-17 13:02:44,834] INFO [PartitionStateMachine controllerId=1] Stopped partition state machine (kafka.controller.ZkPartitionStateMachine)
[2024-05-17 13:02:44,835] INFO [ReplicaStateMachine controllerId=1] Stopped replica state machine (kafka.controller.ZkReplicaStateMachine)
[2024-05-17 13:02:44,836] INFO [RequestSendThread controllerId=1] Shutting down (kafka.controller.RequestSendThread)
[2024-05-17 13:02:44,836] INFO [RequestSendThread controllerId=1] Stopped (kafka.controller.RequestSendThread)
[2024-05-17 13:02:44,836] INFO [RequestSendThread controllerId=1] Shutdown completed (kafka.controller.RequestSendThread)
[2024-05-17 13:02:44,838] INFO [Controller id=1] Resigned (kafka.controller.KafkaController)
[2024-05-17 13:12:56,802] INFO [ControllerEventThread controllerId=1] Starting (kafka.controller.ControllerEventManager$ControllerEventThread)
[2024-05-17 13:12:56,872] INFO [Controller id=1] 1 successfully elected as the controller. Epoch incremented to 2 and epoch zk version is now 2 (kafka.controller.KafkaController)
[2024-05-17 13:12:56,882] INFO [Controller id=1] Registering handlers (kafka.controller.KafkaController)
[2024-05-17 13:12:56,891] INFO [Controller id=1] Deleting log dir event notifications (kafka.controller.KafkaController)
[2024-05-17 13:12:56,896] INFO [Controller id=1] Deleting isr change notifications (kafka.controller.KafkaController)
[2024-05-17 13:12:56,901] INFO [Controller id=1] Initializing controller context (kafka.controller.KafkaController)
[2024-05-17 13:12:56,928] INFO [Controller id=1] Initialized broker epochs cache: HashMap(1 -> 142) (kafka.controller.KafkaController)
[2024-05-17 13:12:56,952] DEBUG [Controller id=1] Register BrokerModifications handler for Set(1) (kafka.controller.KafkaController)
[2024-05-17 13:12:56,959] DEBUG [Channel manager on controller 1]: Controller 1 trying to connect to broker 1 (kafka.controller.ControllerChannelManager)
[2024-05-17 13:12:56,976] INFO [RequestSendThread controllerId=1] Starting (kafka.controller.RequestSendThread)
[2024-05-17 13:12:56,981] INFO [Controller id=1] Currently active brokers in the cluster: Set(1) (kafka.controller.KafkaController)
[2024-05-17 13:12:56,982] INFO [Controller id=1] Currently shutting brokers in the cluster: HashSet() (kafka.controller.KafkaController)
[2024-05-17 13:12:56,982] INFO [Controller id=1] Current list of topics in the cluster: HashSet() (kafka.controller.KafkaController)
[2024-05-17 13:12:56,983] INFO [Controller id=1] Fetching topic deletions in progress (kafka.controller.KafkaController)
[2024-05-17 13:12:56,986] INFO [Controller id=1] List of topics to be deleted:  (kafka.controller.KafkaController)
[2024-05-17 13:12:56,987] INFO [Controller id=1] List of topics ineligible for deletion:  (kafka.controller.KafkaController)
[2024-05-17 13:12:56,987] INFO [Controller id=1] Initializing topic deletion manager (kafka.controller.KafkaController)
[2024-05-17 13:12:56,988] INFO [Topic Deletion Manager 1] Initializing manager with initial deletions: Set(), initial ineligible deletions: HashSet() (kafka.controller.TopicDeletionManager)
[2024-05-17 13:12:56,995] INFO [Controller id=1] Sending update metadata request (kafka.controller.KafkaController)
[2024-05-17 13:12:57,011] INFO [ReplicaStateMachine controllerId=1] Initializing replica state (kafka.controller.ZkReplicaStateMachine)
[2024-05-17 13:12:57,012] INFO [ReplicaStateMachine controllerId=1] Triggering online replica state changes (kafka.controller.ZkReplicaStateMachine)
[2024-05-17 13:12:57,022] INFO [ReplicaStateMachine controllerId=1] Triggering offline replica state changes (kafka.controller.ZkReplicaStateMachine)
[2024-05-17 13:12:57,023] DEBUG [ReplicaStateMachine controllerId=1] Started replica state machine with initial state -> HashMap() (kafka.controller.ZkReplicaStateMachine)
[2024-05-17 13:12:57,023] INFO [PartitionStateMachine controllerId=1] Initializing partition state (kafka.controller.ZkPartitionStateMachine)
[2024-05-17 13:12:57,024] INFO [PartitionStateMachine controllerId=1] Triggering online partition state changes (kafka.controller.ZkPartitionStateMachine)
[2024-05-17 13:12:57,027] DEBUG [PartitionStateMachine controllerId=1] Started partition state machine with initial state -> HashMap() (kafka.controller.ZkPartitionStateMachine)
[2024-05-17 13:12:57,028] INFO [Controller id=1] Ready to serve as the new controller with epoch 2 (kafka.controller.KafkaController)
[2024-05-17 13:12:57,036] INFO [Controller id=1] Partitions undergoing preferred replica election:  (kafka.controller.KafkaController)
[2024-05-17 13:12:57,037] INFO [Controller id=1] Partitions that completed preferred replica election:  (kafka.controller.KafkaController)
[2024-05-17 13:12:57,037] INFO [Controller id=1] Skipping preferred replica election for partitions due to topic deletion:  (kafka.controller.KafkaController)
[2024-05-17 13:12:57,041] INFO [Controller id=1] Resuming preferred replica election for partitions:  (kafka.controller.KafkaController)
[2024-05-17 13:12:57,044] INFO [Controller id=1] Starting replica leader election (PREFERRED) for partitions  triggered by ZkTriggered (kafka.controller.KafkaController)
[2024-05-17 13:12:57,088] INFO [Controller id=1] Starting the controller scheduler (kafka.controller.KafkaController)
[2024-05-17 13:12:57,519] INFO [RequestSendThread controllerId=1] Controller 1 connected to DESKTOP-VH3JA1S.mshome.net:9092 (id: 1 rack: null) for sending state change requests (kafka.controller.RequestSendThread)
[2024-05-17 13:13:02,102] INFO [Controller id=1] Processing automatic preferred replica leader election (kafka.controller.KafkaController)
[2024-05-17 13:13:02,103] TRACE [Controller id=1] Checking need to trigger auto leader balancing (kafka.controller.KafkaController)
[2024-05-17 13:18:02,111] INFO [Controller id=1] Processing automatic preferred replica leader election (kafka.controller.KafkaController)
[2024-05-17 13:18:02,111] TRACE [Controller id=1] Checking need to trigger auto leader balancing (kafka.controller.KafkaController)
[2024-05-17 13:18:14,342] INFO [Controller id=1] Shutting down broker 1 (kafka.controller.KafkaController)
[2024-05-17 13:18:14,345] DEBUG [Controller id=1] All shutting down brokers: 1 (kafka.controller.KafkaController)
[2024-05-17 13:18:14,346] DEBUG [Controller id=1] Live brokers:  (kafka.controller.KafkaController)
[2024-05-17 13:18:14,353] TRACE [Controller id=1] All leaders =  (kafka.controller.KafkaController)
[2024-05-17 13:18:14,719] INFO [ControllerEventThread controllerId=1] Shutting down (kafka.controller.ControllerEventManager$ControllerEventThread)
[2024-05-17 13:18:14,720] INFO [ControllerEventThread controllerId=1] Stopped (kafka.controller.ControllerEventManager$ControllerEventThread)
[2024-05-17 13:18:14,720] INFO [ControllerEventThread controllerId=1] Shutdown completed (kafka.controller.ControllerEventManager$ControllerEventThread)
[2024-05-17 13:18:14,723] DEBUG [Controller id=1] Resigning (kafka.controller.KafkaController)
[2024-05-17 13:18:14,724] DEBUG [Controller id=1] Unregister BrokerModifications handler for Set(1) (kafka.controller.KafkaController)
[2024-05-17 13:18:14,728] INFO [PartitionStateMachine controllerId=1] Stopped partition state machine (kafka.controller.ZkPartitionStateMachine)
[2024-05-17 13:18:14,730] INFO [ReplicaStateMachine controllerId=1] Stopped replica state machine (kafka.controller.ZkReplicaStateMachine)
[2024-05-17 13:18:14,732] INFO [RequestSendThread controllerId=1] Shutting down (kafka.controller.RequestSendThread)
[2024-05-17 13:18:14,733] INFO [RequestSendThread controllerId=1] Stopped (kafka.controller.RequestSendThread)
[2024-05-17 13:18:14,733] INFO [RequestSendThread controllerId=1] Shutdown completed (kafka.controller.RequestSendThread)
[2024-05-17 13:18:14,738] INFO [Controller id=1] Resigned (kafka.controller.KafkaController)
[2024-05-17 13:18:56,608] INFO [ControllerEventThread controllerId=1] Starting (kafka.controller.ControllerEventManager$ControllerEventThread)
[2024-05-17 13:18:56,686] INFO [Controller id=1] 1 successfully elected as the controller. Epoch incremented to 3 and epoch zk version is now 3 (kafka.controller.KafkaController)
[2024-05-17 13:18:56,693] INFO [Controller id=1] Registering handlers (kafka.controller.KafkaController)
[2024-05-17 13:18:56,705] INFO [Controller id=1] Deleting log dir event notifications (kafka.controller.KafkaController)
[2024-05-17 13:18:56,710] INFO [Controller id=1] Deleting isr change notifications (kafka.controller.KafkaController)
[2024-05-17 13:18:56,713] INFO [Controller id=1] Initializing controller context (kafka.controller.KafkaController)
[2024-05-17 13:18:56,743] INFO [Controller id=1] Initialized broker epochs cache: HashMap(1 -> 161) (kafka.controller.KafkaController)
[2024-05-17 13:18:56,754] DEBUG [Controller id=1] Register BrokerModifications handler for Set(1) (kafka.controller.KafkaController)
[2024-05-17 13:18:56,763] DEBUG [Channel manager on controller 1]: Controller 1 trying to connect to broker 1 (kafka.controller.ControllerChannelManager)
[2024-05-17 13:18:56,808] INFO [RequestSendThread controllerId=1] Starting (kafka.controller.RequestSendThread)
[2024-05-17 13:18:56,810] INFO [Controller id=1] Currently active brokers in the cluster: Set(1) (kafka.controller.KafkaController)
[2024-05-17 13:18:56,811] INFO [Controller id=1] Currently shutting brokers in the cluster: HashSet() (kafka.controller.KafkaController)
[2024-05-17 13:18:56,811] INFO [Controller id=1] Current list of topics in the cluster: HashSet() (kafka.controller.KafkaController)
[2024-05-17 13:18:56,812] INFO [Controller id=1] Fetching topic deletions in progress (kafka.controller.KafkaController)
[2024-05-17 13:18:56,815] INFO [Controller id=1] List of topics to be deleted:  (kafka.controller.KafkaController)
[2024-05-17 13:18:56,815] INFO [Controller id=1] List of topics ineligible for deletion:  (kafka.controller.KafkaController)
[2024-05-17 13:18:56,815] INFO [Controller id=1] Initializing topic deletion manager (kafka.controller.KafkaController)
[2024-05-17 13:18:56,816] INFO [Topic Deletion Manager 1] Initializing manager with initial deletions: Set(), initial ineligible deletions: HashSet() (kafka.controller.TopicDeletionManager)
[2024-05-17 13:18:56,846] INFO [Controller id=1] Sending update metadata request (kafka.controller.KafkaController)
[2024-05-17 13:18:56,862] INFO [ReplicaStateMachine controllerId=1] Initializing replica state (kafka.controller.ZkReplicaStateMachine)
[2024-05-17 13:18:56,864] INFO [ReplicaStateMachine controllerId=1] Triggering online replica state changes (kafka.controller.ZkReplicaStateMachine)
[2024-05-17 13:18:56,873] INFO [ReplicaStateMachine controllerId=1] Triggering offline replica state changes (kafka.controller.ZkReplicaStateMachine)
[2024-05-17 13:18:56,873] DEBUG [ReplicaStateMachine controllerId=1] Started replica state machine with initial state -> HashMap() (kafka.controller.ZkReplicaStateMachine)
[2024-05-17 13:18:56,874] INFO [PartitionStateMachine controllerId=1] Initializing partition state (kafka.controller.ZkPartitionStateMachine)
[2024-05-17 13:18:56,875] INFO [PartitionStateMachine controllerId=1] Triggering online partition state changes (kafka.controller.ZkPartitionStateMachine)
[2024-05-17 13:18:56,885] DEBUG [PartitionStateMachine controllerId=1] Started partition state machine with initial state -> HashMap() (kafka.controller.ZkPartitionStateMachine)
[2024-05-17 13:18:56,885] INFO [Controller id=1] Ready to serve as the new controller with epoch 3 (kafka.controller.KafkaController)
[2024-05-17 13:18:56,891] INFO [Controller id=1] Partitions undergoing preferred replica election:  (kafka.controller.KafkaController)
[2024-05-17 13:18:56,892] INFO [Controller id=1] Partitions that completed preferred replica election:  (kafka.controller.KafkaController)
[2024-05-17 13:18:56,893] INFO [Controller id=1] Skipping preferred replica election for partitions due to topic deletion:  (kafka.controller.KafkaController)
[2024-05-17 13:18:56,893] INFO [Controller id=1] Resuming preferred replica election for partitions:  (kafka.controller.KafkaController)
[2024-05-17 13:18:56,896] INFO [Controller id=1] Starting replica leader election (PREFERRED) for partitions  triggered by ZkTriggered (kafka.controller.KafkaController)
[2024-05-17 13:18:56,948] INFO [Controller id=1] Starting the controller scheduler (kafka.controller.KafkaController)
[2024-05-17 13:18:57,368] INFO [RequestSendThread controllerId=1] Controller 1 connected to DESKTOP-VH3JA1S.mshome.net:9092 (id: 1 rack: null) for sending state change requests (kafka.controller.RequestSendThread)
[2024-05-17 13:19:01,958] INFO [Controller id=1] Processing automatic preferred replica leader election (kafka.controller.KafkaController)
[2024-05-17 13:19:01,959] TRACE [Controller id=1] Checking need to trigger auto leader balancing (kafka.controller.KafkaController)
[2024-05-17 13:24:01,978] INFO [Controller id=1] Processing automatic preferred replica leader election (kafka.controller.KafkaController)
[2024-05-17 13:24:01,979] TRACE [Controller id=1] Checking need to trigger auto leader balancing (kafka.controller.KafkaController)
[2024-05-17 13:29:01,985] INFO [Controller id=1] Processing automatic preferred replica leader election (kafka.controller.KafkaController)
[2024-05-17 13:29:01,985] TRACE [Controller id=1] Checking need to trigger auto leader balancing (kafka.controller.KafkaController)
[2024-05-17 13:34:01,986] INFO [Controller id=1] Processing automatic preferred replica leader election (kafka.controller.KafkaController)
[2024-05-17 13:34:01,987] TRACE [Controller id=1] Checking need to trigger auto leader balancing (kafka.controller.KafkaController)
[2024-05-17 13:39:01,992] INFO [Controller id=1] Processing automatic preferred replica leader election (kafka.controller.KafkaController)
[2024-05-17 13:39:01,992] TRACE [Controller id=1] Checking need to trigger auto leader balancing (kafka.controller.KafkaController)
